0 info it worked if it ends with ok
1 verbose cli [ 'node', '/usr/local/bin/npm', 'run', 'watch' ]
2 info using npm@2.7.4
3 info using node@v0.12.2
4 verbose run-script [ 'prewatch', 'watch', 'postwatch' ]
5 info prewatch reapp-ui@0.12.49
6 info watch reapp-ui@0.12.49
7 verbose unsafe-perm in lifecycle true
8 info reapp-ui@0.12.49 Failed to exec watch script
9 verbose stack Error: reapp-ui@0.12.49 watch: `babel src --out-dir build --stage=0 --watch`
9 verbose stack Exit status 1
9 verbose stack     at EventEmitter.<anonymous> (/usr/local/lib/node_modules/npm/lib/utils/lifecycle.js:213:16)
9 verbose stack     at EventEmitter.emit (events.js:110:17)
9 verbose stack     at ChildProcess.<anonymous> (/usr/local/lib/node_modules/npm/lib/utils/spawn.js:14:12)
9 verbose stack     at ChildProcess.emit (events.js:110:17)
9 verbose stack     at maybeClose (child_process.js:1015:16)
9 verbose stack     at Process.ChildProcess._handle.onexit (child_process.js:1087:5)
10 verbose pkgid reapp-ui@0.12.49
11 verbose cwd /Users/Alex.Merrifield/reapp-ui-jhopper28
12 error Darwin 14.3.0
13 error argv "node" "/usr/local/bin/npm" "run" "watch"
14 error node v0.12.2
15 error npm  v2.7.4
16 error code ELIFECYCLE
17 error reapp-ui@0.12.49 watch: `babel src --out-dir build --stage=0 --watch`
17 error Exit status 1
18 error Failed at the reapp-ui@0.12.49 watch script 'babel src --out-dir build --stage=0 --watch'.
18 error This is most likely a problem with the reapp-ui package,
18 error not with npm itself.
18 error Tell the author that this fails on your system:
18 error     babel src --out-dir build --stage=0 --watch
18 error You can get their info via:
18 error     npm owner ls reapp-ui
18 error There is likely additional logging output above.
19 verbose exit [ 1, true ]
